<!doctype html>
<html lang="en"><head><meta charSet="utf-8"/><meta http-equiv="X-UA-Compatible" content="IE=edge"/><meta name="viewport" content="width=device-width, initial-scale=1"/><title>Mochawesome Report</title><link rel="stylesheet" href="assets\app.css"/></head><body data-raw="{&quot;stats&quot;:{&quot;suites&quot;:1,&quot;tests&quot;:7,&quot;passes&quot;:0,&quot;pending&quot;:0,&quot;failures&quot;:7,&quot;start&quot;:&quot;2025-02-07T14:01:19.010Z&quot;,&quot;end&quot;:&quot;2025-02-07T14:01:53.578Z&quot;,&quot;duration&quot;:34568,&quot;testsRegistered&quot;:7,&quot;passPercent&quot;:0,&quot;pendingPercent&quot;:0,&quot;other&quot;:0,&quot;hasOther&quot;:false,&quot;skipped&quot;:0,&quot;hasSkipped&quot;:false},&quot;results&quot;:[{&quot;uuid&quot;:&quot;5e3af613-6bb4-45dc-a5e2-4b6f7c21050f&quot;,&quot;title&quot;:&quot;&quot;,&quot;fullFile&quot;:&quot;cypress\\e2e\\UserMembership\\Sign-in[SI]\\Sign-in.cy.js&quot;,&quot;file&quot;:&quot;cypress\\e2e\\UserMembership\\Sign-in[SI]\\Sign-in.cy.js&quot;,&quot;beforeHooks&quot;:[],&quot;afterHooks&quot;:[],&quot;tests&quot;:[],&quot;suites&quot;:[{&quot;uuid&quot;:&quot;8962ae89-9fad-49b2-983f-eebc6c252285&quot;,&quot;title&quot;:&quot;Sign-in[SI] TestSuite&quot;,&quot;fullFile&quot;:&quot;&quot;,&quot;file&quot;:&quot;&quot;,&quot;beforeHooks&quot;:[],&quot;afterHooks&quot;:[],&quot;tests&quot;:[{&quot;title&quot;:&quot;[003-SI-0001] [Valid]Sign in with Valid user data[Email: customer@practicesoftwaretesting.com,PW: welcome01]&quot;,&quot;fullTitle&quot;:&quot;Sign-in[SI] TestSuite [003-SI-0001] [Valid]Sign in with Valid user data[Email: customer@practicesoftwaretesting.com,PW: welcome01]&quot;,&quot;duration&quot;:5004,&quot;state&quot;:&quot;failed&quot;,&quot;pass&quot;:false,&quot;fail&quot;:true,&quot;pending&quot;:false,&quot;code&quot;:&quot;cy.login(&#x27;customer@practicesoftwaretesting.com&#x27;, &#x27;welcome01&#x27;);&quot;,&quot;err&quot;:{&quot;message&quot;:&quot;AssertionError: Timed out retrying after 4000ms: expected &#x27;&lt;input#email.form-control.ng-untouched.ng-pristine.ng-invalid&gt;&#x27; to be null\n\nThis error occurred while creating the session. Because the session setup failed, we failed the test.&quot;,&quot;estack&quot;:&quot;AssertionError: Timed out retrying after 4000ms: expected &#x27;&lt;input#email.form-control.ng-untouched.ng-pristine.ng-invalid&gt;&#x27; to be null\n\nThis error occurred while creating the session. Because the session setup failed, we failed the test.\n    at Object.eval [as setup] (webpack:///./cypress/support/commands.js:15:53)\n    at Context.&lt;anonymous&gt; (https://practicesoftwaretesting.com/__cypress/runner/cypress_runner.js:132889:38)\n    at getRet (https://practicesoftwaretesting.com/__cypress/runner/cypress_runner.js:118338:20)\n    at tryCatcher (https://practicesoftwaretesting.com/__cypress/runner/cypress_runner.js:1777:23)\n    at Promise.attempt.Promise.try (https://practicesoftwaretesting.com/__cypress/runner/cypress_runner.js:4285:29)\n    at Context.thenFn (https://practicesoftwaretesting.com/__cypress/runner/cypress_runner.js:118349:66)\n    at Context.then (https://practicesoftwaretesting.com/__cypress/runner/cypress_runner.js:118600:21)\n    at wrapped (https://practicesoftwaretesting.com/__cypress/runner/cypress_runner.js:137883:19)&quot;},&quot;uuid&quot;:&quot;f0ca3423-abcc-4197-a303-53d008158b27&quot;,&quot;parentUUID&quot;:&quot;8962ae89-9fad-49b2-983f-eebc6c252285&quot;,&quot;isHook&quot;:false,&quot;skipped&quot;:false},{&quot;title&quot;:&quot;[003-SI-0002] [Invalid]Sign in with invalid Email[Email customer423@practicesoftwaretesting.com,PW: welcome01]&quot;,&quot;fullTitle&quot;:&quot;Sign-in[SI] TestSuite [003-SI-0002] [Invalid]Sign in with invalid Email[Email customer423@practicesoftwaretesting.com,PW: welcome01]&quot;,&quot;duration&quot;:4907,&quot;state&quot;:&quot;failed&quot;,&quot;pass&quot;:false,&quot;fail&quot;:true,&quot;pending&quot;:false,&quot;code&quot;:&quot;cy.session(&#x27;invalid login session&#x27;, () =&gt; {\n  cy.visit(&#x27;auth/login&#x27;);\n  cy.get(&#x27;input[id=\&quot;email\&quot;]&#x27;).should(&#x27;be.visible&#x27;).and(&#x27;be.null&#x27;).type(&#x27;customer423@practicesoftwaretesting.com&#x27;);\n  cy.get(&#x27;input[id=\&quot;password\&quot;]&#x27;).should(&#x27;be.visible&#x27;).and(&#x27;be.null&#x27;).type(&#x27;welcome01&#x27;);\n  cy.get(&#x27;button[value=\&quot;Login\&quot;]&#x27;).should(&#x27;be.visible&#x27;).and(&#x27;not.be.disabled&#x27;).click();\n});&quot;,&quot;err&quot;:{&quot;message&quot;:&quot;AssertionError: Timed out retrying after 4000ms: expected &#x27;&lt;input#email.form-control.ng-untouched.ng-pristine.ng-invalid&gt;&#x27; to be null\n\nThis error occurred while creating the session. Because the session setup failed, we failed the test.&quot;,&quot;estack&quot;:&quot;AssertionError: Timed out retrying after 4000ms: expected &#x27;&lt;input#email.form-control.ng-untouched.ng-pristine.ng-invalid&gt;&#x27; to be null\n\nThis error occurred while creating the session. Because the session setup failed, we failed the test.\n    at Object.eval [as setup] (webpack:///./cypress/e2e/UserMembership/Sign-in[SI]/Sign-in.cy.js:8:57)\n    at Context.&lt;anonymous&gt; (https://practicesoftwaretesting.com/__cypress/runner/cypress_runner.js:132889:38)\n    at getRet (https://practicesoftwaretesting.com/__cypress/runner/cypress_runner.js:118338:20)\n    at tryCatcher (https://practicesoftwaretesting.com/__cypress/runner/cypress_runner.js:1777:23)\n    at Promise.attempt.Promise.try (https://practicesoftwaretesting.com/__cypress/runner/cypress_runner.js:4285:29)\n    at Context.thenFn (https://practicesoftwaretesting.com/__cypress/runner/cypress_runner.js:118349:66)\n    at Context.then (https://practicesoftwaretesting.com/__cypress/runner/cypress_runner.js:118600:21)\n    at wrapped (https://practicesoftwaretesting.com/__cypress/runner/cypress_runner.js:137883:19)&quot;},&quot;uuid&quot;:&quot;54d827e3-138b-4557-8e2b-718ba1452b0b&quot;,&quot;parentUUID&quot;:&quot;8962ae89-9fad-49b2-983f-eebc6c252285&quot;,&quot;isHook&quot;:false,&quot;skipped&quot;:false},{&quot;title&quot;:&quot;•\t[003-SI-0003] [Invalid]Sign in with invalid password[Email: customer@practicesoftwaretesting.com,PW: welcome0jnewgr]&quot;,&quot;fullTitle&quot;:&quot;Sign-in[SI] TestSuite •\t[003-SI-0003] [Invalid]Sign in with invalid password[Email: customer@practicesoftwaretesting.com,PW: welcome0jnewgr]&quot;,&quot;duration&quot;:4799,&quot;state&quot;:&quot;failed&quot;,&quot;pass&quot;:false,&quot;fail&quot;:true,&quot;pending&quot;:false,&quot;code&quot;:&quot;cy.session(&#x27;invalid login session&#x27;, () =&gt; {\n  cy.visit(&#x27;auth/login&#x27;);\n  cy.get(&#x27;input[id=\&quot;email\&quot;]&#x27;).should(&#x27;be.visible&#x27;).and(&#x27;be.null&#x27;).type(&#x27;customer@practicesoftwaretesting.com&#x27;);\n  cy.get(&#x27;input[id=\&quot;password\&quot;]&#x27;).should(&#x27;be.visible&#x27;).and(&#x27;be.null&#x27;).type(&#x27;welcome0jnewgr&#x27;);\n  cy.get(&#x27;button[value=\&quot;Login\&quot;]&#x27;).should(&#x27;be.visible&#x27;).and(&#x27;not.be.disabled&#x27;).click();\n});&quot;,&quot;err&quot;:{&quot;message&quot;:&quot;AssertionError: Timed out retrying after 4000ms: expected &#x27;&lt;input#email.form-control.ng-untouched.ng-pristine.ng-invalid&gt;&#x27; to be null\n\nThis error occurred while creating the session. Because the session setup failed, we failed the test.&quot;,&quot;estack&quot;:&quot;AssertionError: Timed out retrying after 4000ms: expected &#x27;&lt;input#email.form-control.ng-untouched.ng-pristine.ng-invalid&gt;&#x27; to be null\n\nThis error occurred while creating the session. Because the session setup failed, we failed the test.\n    at Object.eval [as setup] (webpack:///./cypress/e2e/UserMembership/Sign-in[SI]/Sign-in.cy.js:17:58)\n    at Context.&lt;anonymous&gt; (https://practicesoftwaretesting.com/__cypress/runner/cypress_runner.js:132889:38)\n    at getRet (https://practicesoftwaretesting.com/__cypress/runner/cypress_runner.js:118338:20)\n    at tryCatcher (https://practicesoftwaretesting.com/__cypress/runner/cypress_runner.js:1777:23)\n    at Promise.attempt.Promise.try (https://practicesoftwaretesting.com/__cypress/runner/cypress_runner.js:4285:29)\n    at Context.thenFn (https://practicesoftwaretesting.com/__cypress/runner/cypress_runner.js:118349:66)\n    at Context.then (https://practicesoftwaretesting.com/__cypress/runner/cypress_runner.js:118600:21)\n    at wrapped (https://practicesoftwaretesting.com/__cypress/runner/cypress_runner.js:137883:19)&quot;},&quot;uuid&quot;:&quot;34288fb5-bfb9-49e5-bad7-84ffdf069db5&quot;,&quot;parentUUID&quot;:&quot;8962ae89-9fad-49b2-983f-eebc6c252285&quot;,&quot;isHook&quot;:false,&quot;skipped&quot;:false},{&quot;title&quot;:&quot;[003-SI-0004] [Invalid]Sign in with null values]&quot;,&quot;fullTitle&quot;:&quot;Sign-in[SI] TestSuite [003-SI-0004] [Invalid]Sign in with null values]&quot;,&quot;duration&quot;:4861,&quot;state&quot;:&quot;failed&quot;,&quot;pass&quot;:false,&quot;fail&quot;:true,&quot;pending&quot;:false,&quot;code&quot;:&quot;cy.session(&#x27;invalid login session&#x27;, () =&gt; {\n  cy.visit(&#x27;auth/login&#x27;);\n  //  cy.get(&#x27;input[id=\&quot;email\&quot;]&#x27;).should(&#x27;be.visible&#x27;).and(&#x27;be.null&#x27;).type(&#x27;customer@practicesoftwaretesting.com&#x27;);\n  //  cy.get(&#x27;input[id=\&quot;password\&quot;]&#x27;).should(&#x27;be.visible&#x27;).and(&#x27;be.null&#x27;).type(&#x27;welcome0jnewgr&#x27;);\n  cy.get(&#x27;button[value=\&quot;Login\&quot;]&#x27;).should(&#x27;be.visible&#x27;).and(&#x27;not.be.disabled&#x27;).click();\n});&quot;,&quot;err&quot;:{&quot;message&quot;:&quot;AssertionError: Timed out retrying after 4000ms: Expected to find element: `button[value=\&quot;Login\&quot;]`, but never found it.\n\nThis error occurred while creating the session. Because the session setup failed, we failed the test.&quot;,&quot;estack&quot;:&quot;AssertionError: Timed out retrying after 4000ms: Expected to find element: `button[value=\&quot;Login\&quot;]`, but never found it.\n\nThis error occurred while creating the session. Because the session setup failed, we failed the test.\n    at Object.eval [as setup] (webpack:///./cypress/e2e/UserMembership/Sign-in[SI]/Sign-in.cy.js:29:41)\n    at Context.&lt;anonymous&gt; (https://practicesoftwaretesting.com/__cypress/runner/cypress_runner.js:132889:38)\n    at getRet (https://practicesoftwaretesting.com/__cypress/runner/cypress_runner.js:118338:20)\n    at tryCatcher (https://practicesoftwaretesting.com/__cypress/runner/cypress_runner.js:1777:23)\n    at Promise.attempt.Promise.try (https://practicesoftwaretesting.com/__cypress/runner/cypress_runner.js:4285:29)\n    at Context.thenFn (https://practicesoftwaretesting.com/__cypress/runner/cypress_runner.js:118349:66)\n    at Context.then (https://practicesoftwaretesting.com/__cypress/runner/cypress_runner.js:118600:21)\n    at wrapped (https://practicesoftwaretesting.com/__cypress/runner/cypress_runner.js:137883:19)&quot;},&quot;uuid&quot;:&quot;09098bf0-97d5-4aaf-b76c-1494129e7d96&quot;,&quot;parentUUID&quot;:&quot;8962ae89-9fad-49b2-983f-eebc6c252285&quot;,&quot;isHook&quot;:false,&quot;skipped&quot;:false},{&quot;title&quot;:&quot;[003-SI-0005][Valid] Sign in with Google Authentication Button with valid credentials&quot;,&quot;fullTitle&quot;:&quot;Sign-in[SI] TestSuite [003-SI-0005][Valid] Sign in with Google Authentication Button with valid credentials&quot;,&quot;duration&quot;:4846,&quot;state&quot;:&quot;failed&quot;,&quot;pass&quot;:false,&quot;fail&quot;:true,&quot;pending&quot;:false,&quot;code&quot;:&quot;cy.session(&#x27;invalid login session&#x27;, () =&gt; {\n  cy.visit(&#x27;auth/login&#x27;);\n  //  cy.get(&#x27;input[id=\&quot;email\&quot;]&#x27;).should(&#x27;be.visible&#x27;).and(&#x27;be.null&#x27;).type(&#x27;customer@practicesoftwaretesting.com&#x27;);\n  //  cy.get(&#x27;input[id=\&quot;password\&quot;]&#x27;).should(&#x27;be.visible&#x27;).and(&#x27;be.null&#x27;).type(&#x27;welcome0jnewgr&#x27;);\n  cy.get(&#x27;button[value=\&quot;Login\&quot;]&#x27;).should(&#x27;be.visible&#x27;).and(&#x27;not.be.disabled&#x27;).click();\n});&quot;,&quot;err&quot;:{&quot;message&quot;:&quot;AssertionError: Timed out retrying after 4000ms: Expected to find element: `button[value=\&quot;Login\&quot;]`, but never found it.\n\nThis error occurred while creating the session. Because the session setup failed, we failed the test.&quot;,&quot;estack&quot;:&quot;AssertionError: Timed out retrying after 4000ms: Expected to find element: `button[value=\&quot;Login\&quot;]`, but never found it.\n\nThis error occurred while creating the session. Because the session setup failed, we failed the test.\n    at Object.eval [as setup] (webpack:///./cypress/e2e/UserMembership/Sign-in[SI]/Sign-in.cy.js:39:41)\n    at Context.&lt;anonymous&gt; (https://practicesoftwaretesting.com/__cypress/runner/cypress_runner.js:132889:38)\n    at getRet (https://practicesoftwaretesting.com/__cypress/runner/cypress_runner.js:118338:20)\n    at tryCatcher (https://practicesoftwaretesting.com/__cypress/runner/cypress_runner.js:1777:23)\n    at Promise.attempt.Promise.try (https://practicesoftwaretesting.com/__cypress/runner/cypress_runner.js:4285:29)\n    at Context.thenFn (https://practicesoftwaretesting.com/__cypress/runner/cypress_runner.js:118349:66)\n    at Context.then (https://practicesoftwaretesting.com/__cypress/runner/cypress_runner.js:118600:21)\n    at wrapped (https://practicesoftwaretesting.com/__cypress/runner/cypress_runner.js:137883:19)&quot;},&quot;uuid&quot;:&quot;1f95d0c9-7923-479d-85a4-0bd8eff85c3f&quot;,&quot;parentUUID&quot;:&quot;8962ae89-9fad-49b2-983f-eebc6c252285&quot;,&quot;isHook&quot;:false,&quot;skipped&quot;:false},{&quot;title&quot;:&quot;[003-SI-0006][Invalid] Sign in with Google authentication Button using invalid credentials&quot;,&quot;fullTitle&quot;:&quot;Sign-in[SI] TestSuite [003-SI-0006][Invalid] Sign in with Google authentication Button using invalid credentials&quot;,&quot;duration&quot;:4931,&quot;state&quot;:&quot;failed&quot;,&quot;pass&quot;:false,&quot;fail&quot;:true,&quot;pending&quot;:false,&quot;code&quot;:&quot;cy.session(&#x27;invalid login session&#x27;, () =&gt; {\n  cy.visit(&#x27;auth/login&#x27;);\n  //  cy.get(&#x27;input[id=\&quot;email\&quot;]&#x27;).should(&#x27;be.visible&#x27;).and(&#x27;be.null&#x27;).type(&#x27;customer@practicesoftwaretesting.com&#x27;);\n  //  cy.get(&#x27;input[id=\&quot;password\&quot;]&#x27;).should(&#x27;be.visible&#x27;).and(&#x27;be.null&#x27;).type(&#x27;welcome0jnewgr&#x27;);\n  cy.get(&#x27;button[value=\&quot;Login\&quot;]&#x27;).should(&#x27;be.visible&#x27;).and(&#x27;not.be.disabled&#x27;).click();\n});&quot;,&quot;err&quot;:{&quot;message&quot;:&quot;AssertionError: Timed out retrying after 4000ms: Expected to find element: `button[value=\&quot;Login\&quot;]`, but never found it.\n\nThis error occurred while creating the session. Because the session setup failed, we failed the test.&quot;,&quot;estack&quot;:&quot;AssertionError: Timed out retrying after 4000ms: Expected to find element: `button[value=\&quot;Login\&quot;]`, but never found it.\n\nThis error occurred while creating the session. Because the session setup failed, we failed the test.\n    at Object.eval [as setup] (webpack:///./cypress/e2e/UserMembership/Sign-in[SI]/Sign-in.cy.js:49:41)\n    at Context.&lt;anonymous&gt; (https://practicesoftwaretesting.com/__cypress/runner/cypress_runner.js:132889:38)\n    at getRet (https://practicesoftwaretesting.com/__cypress/runner/cypress_runner.js:118338:20)\n    at tryCatcher (https://practicesoftwaretesting.com/__cypress/runner/cypress_runner.js:1777:23)\n    at Promise.attempt.Promise.try (https://practicesoftwaretesting.com/__cypress/runner/cypress_runner.js:4285:29)\n    at Context.thenFn (https://practicesoftwaretesting.com/__cypress/runner/cypress_runner.js:118349:66)\n    at Context.then (https://practicesoftwaretesting.com/__cypress/runner/cypress_runner.js:118600:21)\n    at wrapped (https://practicesoftwaretesting.com/__cypress/runner/cypress_runner.js:137883:19)&quot;},&quot;uuid&quot;:&quot;7ec58d79-b88b-4996-abe9-ee519d12334e&quot;,&quot;parentUUID&quot;:&quot;8962ae89-9fad-49b2-983f-eebc6c252285&quot;,&quot;isHook&quot;:false,&quot;skipped&quot;:false},{&quot;title&quot;:&quot;[003-SI-0007][Valid] Sign in With show password button is clicked.&quot;,&quot;fullTitle&quot;:&quot;Sign-in[SI] TestSuite [003-SI-0007][Valid] Sign in With show password button is clicked.&quot;,&quot;duration&quot;:4840,&quot;state&quot;:&quot;failed&quot;,&quot;pass&quot;:false,&quot;fail&quot;:true,&quot;pending&quot;:false,&quot;code&quot;:&quot;cy.session(&#x27;invalid login session&#x27;, () =&gt; {\n  cy.visit(&#x27;auth/login&#x27;);\n  cy.get(&#x27;input[id=\&quot;email\&quot;]&#x27;).should(&#x27;be.visible&#x27;).and(&#x27;be.null&#x27;).type(&#x27;customer423@practicesoftwaretesting.com&#x27;);\n  cy.get(\&quot;button[class=&#x27;btn btn-outline-secondary&#x27;]\&quot;).should(&#x27;be.visible&#x27;).and(&#x27;not.be.disabled&#x27;).click();\n  cy.get(&#x27;input[id=\&quot;password\&quot;]&#x27;).should(&#x27;be.visible&#x27;).and(&#x27;be.null&#x27;).type(&#x27;welcome01&#x27;);\n  cy.get(&#x27;button[value=\&quot;Login\&quot;]&#x27;).should(&#x27;be.visible&#x27;).and(&#x27;not.be.disabled&#x27;).click();\n  cy.url().should(&#x27;eq&#x27;, &#x27;/account&#x27;);\n});&quot;,&quot;err&quot;:{&quot;message&quot;:&quot;AssertionError: Timed out retrying after 4000ms: expected &#x27;&lt;input#email.form-control.ng-untouched.ng-pristine.ng-invalid&gt;&#x27; to be null\n\nThis error occurred while creating the session. Because the session setup failed, we failed the test.&quot;,&quot;estack&quot;:&quot;AssertionError: Timed out retrying after 4000ms: expected &#x27;&lt;input#email.form-control.ng-untouched.ng-pristine.ng-invalid&gt;&#x27; to be null\n\nThis error occurred while creating the session. Because the session setup failed, we failed the test.\n    at Object.eval [as setup] (webpack:///./cypress/e2e/UserMembership/Sign-in[SI]/Sign-in.cy.js:56:58)\n    at Context.&lt;anonymous&gt; (https://practicesoftwaretesting.com/__cypress/runner/cypress_runner.js:132889:38)\n    at getRet (https://practicesoftwaretesting.com/__cypress/runner/cypress_runner.js:118338:20)\n    at tryCatcher (https://practicesoftwaretesting.com/__cypress/runner/cypress_runner.js:1777:23)\n    at Promise.attempt.Promise.try (https://practicesoftwaretesting.com/__cypress/runner/cypress_runner.js:4285:29)\n    at Context.thenFn (https://practicesoftwaretesting.com/__cypress/runner/cypress_runner.js:118349:66)\n    at Context.then (https://practicesoftwaretesting.com/__cypress/runner/cypress_runner.js:118600:21)\n    at wrapped (https://practicesoftwaretesting.com/__cypress/runner/cypress_runner.js:137883:19)&quot;},&quot;uuid&quot;:&quot;0a230cf7-3ccb-49ed-92a4-b06262c4bc7e&quot;,&quot;parentUUID&quot;:&quot;8962ae89-9fad-49b2-983f-eebc6c252285&quot;,&quot;isHook&quot;:false,&quot;skipped&quot;:false}],&quot;suites&quot;:[],&quot;passes&quot;:[],&quot;failures&quot;:[&quot;f0ca3423-abcc-4197-a303-53d008158b27&quot;,&quot;54d827e3-138b-4557-8e2b-718ba1452b0b&quot;,&quot;34288fb5-bfb9-49e5-bad7-84ffdf069db5&quot;,&quot;09098bf0-97d5-4aaf-b76c-1494129e7d96&quot;,&quot;1f95d0c9-7923-479d-85a4-0bd8eff85c3f&quot;,&quot;7ec58d79-b88b-4996-abe9-ee519d12334e&quot;,&quot;0a230cf7-3ccb-49ed-92a4-b06262c4bc7e&quot;],&quot;pending&quot;:[],&quot;skipped&quot;:[],&quot;duration&quot;:34188,&quot;root&quot;:false,&quot;rootEmpty&quot;:false,&quot;_timeout&quot;:2000}],&quot;passes&quot;:[],&quot;failures&quot;:[],&quot;pending&quot;:[],&quot;skipped&quot;:[],&quot;duration&quot;:0,&quot;root&quot;:true,&quot;rootEmpty&quot;:true,&quot;_timeout&quot;:2000}],&quot;meta&quot;:{&quot;mocha&quot;:{&quot;version&quot;:&quot;7.0.1&quot;},&quot;mochawesome&quot;:{&quot;options&quot;:{&quot;quiet&quot;:false,&quot;reportFilename&quot;:&quot;[status]_[datetime]-[name]-report&quot;,&quot;saveHtml&quot;:true,&quot;saveJson&quot;:true,&quot;consoleReporter&quot;:&quot;spec&quot;,&quot;useInlineDiffs&quot;:false,&quot;code&quot;:true},&quot;version&quot;:&quot;7.1.3&quot;},&quot;marge&quot;:{&quot;options&quot;:{&quot;reportFilename&quot;:&quot;[status]_[datetime]-[name]-report&quot;,&quot;timestamp&quot;:&quot;longDate&quot;},&quot;version&quot;:&quot;6.2.0&quot;}}}" data-config="{&quot;reportFilename&quot;:&quot;[status]_[datetime]-[name]-report&quot;,&quot;reportDir&quot;:&quot;mochawesome-report&quot;,&quot;reportTitle&quot;:&quot;practice-software-testing&quot;,&quot;reportPageTitle&quot;:&quot;Mochawesome Report&quot;,&quot;inline&quot;:false,&quot;inlineAssets&quot;:false,&quot;cdn&quot;:false,&quot;charts&quot;:false,&quot;enableCharts&quot;:false,&quot;code&quot;:true,&quot;enableCode&quot;:true,&quot;autoOpen&quot;:false,&quot;overwrite&quot;:true,&quot;timestamp&quot;:&quot;longDate&quot;,&quot;ts&quot;:&quot;longDate&quot;,&quot;showPassed&quot;:true,&quot;showFailed&quot;:true,&quot;showPending&quot;:true,&quot;showSkipped&quot;:false,&quot;showHooks&quot;:&quot;failed&quot;,&quot;saveJson&quot;:true,&quot;saveHtml&quot;:true,&quot;dev&quot;:false,&quot;assetsDir&quot;:&quot;mochawesome-report\\assets&quot;,&quot;jsonFile&quot;:&quot;E:\\github\\cypress\\practice-software-testing\\mochawesome-report\\fail_February_7_2025-Sign-in-report.json&quot;,&quot;htmlFile&quot;:&quot;E:\\github\\cypress\\practice-software-testing\\mochawesome-report\\fail_February_7_2025-Sign-in-report.html&quot;}"><div id="report"></div><script src="assets\app.js"></script></body></html>