<!doctype html>
<html lang="en"><head><meta charSet="utf-8"/><meta http-equiv="X-UA-Compatible" content="IE=edge"/><meta name="viewport" content="width=device-width, initial-scale=1"/><title>Mochawesome Report</title><link rel="stylesheet" href="assets\app.css"/></head><body data-raw="{&quot;stats&quot;:{&quot;suites&quot;:1,&quot;tests&quot;:4,&quot;passes&quot;:0,&quot;pending&quot;:0,&quot;failures&quot;:4,&quot;start&quot;:&quot;2025-02-10T16:52:33.973Z&quot;,&quot;end&quot;:&quot;2025-02-10T16:52:58.910Z&quot;,&quot;duration&quot;:24937,&quot;testsRegistered&quot;:4,&quot;passPercent&quot;:0,&quot;pendingPercent&quot;:0,&quot;other&quot;:0,&quot;hasOther&quot;:false,&quot;skipped&quot;:0,&quot;hasSkipped&quot;:false},&quot;results&quot;:[{&quot;uuid&quot;:&quot;663a17cc-b2c1-4334-a60b-8af9db3b7144&quot;,&quot;title&quot;:&quot;&quot;,&quot;fullFile&quot;:&quot;cypress\\e2e\\Invoices-TestSuites\\invoice.cy.js&quot;,&quot;file&quot;:&quot;cypress\\e2e\\Invoices-TestSuites\\invoice.cy.js&quot;,&quot;beforeHooks&quot;:[],&quot;afterHooks&quot;:[],&quot;tests&quot;:[],&quot;suites&quot;:[{&quot;uuid&quot;:&quot;0a810a2a-0c35-40f2-801b-155c2ec487c2&quot;,&quot;title&quot;:&quot;Invoices TestSuite&quot;,&quot;fullFile&quot;:&quot;&quot;,&quot;file&quot;:&quot;&quot;,&quot;beforeHooks&quot;:[],&quot;afterHooks&quot;:[],&quot;tests&quot;:[{&quot;title&quot;:&quot;[007-0001] [Valid] Visiting Invoices page after sign in.&quot;,&quot;fullTitle&quot;:&quot;Invoices TestSuite [007-0001] [Valid] Visiting Invoices page after sign in.&quot;,&quot;duration&quot;:6342,&quot;state&quot;:&quot;failed&quot;,&quot;pass&quot;:false,&quot;fail&quot;:true,&quot;pending&quot;:false,&quot;code&quot;:&quot;cy.login(\&quot;customer@practicesoftwaretesting.com\&quot;, \&quot;welcome01\&quot;);\ncy.visit(&#x27;/account&#x27;);\ncy.url().should(&#x27;eq&#x27;, &#x27;https://practicesoftwaretesting.com/account&#x27;);\ncy.get(&#x27;#menu&#x27;).should(&#x27;be.visible&#x27;).and(&#x27;not.be.disabled&#x27;).click();\ncy.get(\&quot;.dropdown-item[data-test=&#x27;nav-my-invoices&#x27;]\&quot;).should(&#x27;be.visible&#x27;).and(&#x27;not.be.disabled&#x27;).click();\n// cy.intercept({\n//     method:\&quot;GET\&quot;,\n//     url:\&quot;https://api.practicesoftwaretesting.com/users/me\&quot;,\n// }).as(\&quot;LoginRequest\&quot;);\n// cy.wait(&#x27;@LoginRequest&#x27;).then(interception =&gt;{\n//     console.log(interception);\n//     cy.wrap(interception.response.statusCode).should(&#x27;eq&#x27;,200)\n// });\ncy.intercept({\n  method: \&quot;GET\&quot;,\n  url: \&quot;https://api.practicesoftwaretesting.com/invoices?page=1\&quot;\n}).as(&#x27;InvoicesListP1&#x27;);\ncy.wait(&#x27;@InvoicesListP1&#x27;).then(interception =&gt; {\n  console.log(interception);\n  cy.wrap(interception.response.statusCode).should(&#x27;eq&#x27;, 200);\n});&quot;,&quot;err&quot;:{&quot;message&quot;:&quot;AssertionError: Timed out retrying after 4000ms: expected &#x27;https://practicesoftwaretesting.com/auth/login&#x27; to equal &#x27;https://practicesoftwaretesting.com/account&#x27;\n\nThis error occurred while creating the session. Because the session setup failed, we failed the test.&quot;,&quot;estack&quot;:&quot;AssertionError: Timed out retrying after 4000ms: expected &#x27;https://practicesoftwaretesting.com/auth/login&#x27; to equal &#x27;https://practicesoftwaretesting.com/account&#x27;\n\nThis error occurred while creating the session. Because the session setup failed, we failed the test.\n    at Object.eval [as setup] (webpack:///./cypress/support/commands.js:18:13)\n    at Context.&lt;anonymous&gt; (https://practicesoftwaretesting.com/__cypress/runner/cypress_runner.js:132829:38)\n    at getRet (https://practicesoftwaretesting.com/__cypress/runner/cypress_runner.js:118278:20)\n    at tryCatcher (https://practicesoftwaretesting.com/__cypress/runner/cypress_runner.js:1777:23)\n    at Promise.attempt.Promise.try (https://practicesoftwaretesting.com/__cypress/runner/cypress_runner.js:4285:29)\n    at Context.thenFn (https://practicesoftwaretesting.com/__cypress/runner/cypress_runner.js:118289:66)\n    at Context.then (https://practicesoftwaretesting.com/__cypress/runner/cypress_runner.js:118540:21)\n    at wrapped (https://practicesoftwaretesting.com/__cypress/runner/cypress_runner.js:137823:19)&quot;,&quot;diff&quot;:&quot;- &#x27;https://practicesoftwaretesting.com/auth/login&#x27;\n+ &#x27;https://practicesoftwaretesting.com/account&#x27;\n&quot;},&quot;uuid&quot;:&quot;efb7793e-4310-44f5-8852-ae16b07168c9&quot;,&quot;parentUUID&quot;:&quot;0a810a2a-0c35-40f2-801b-155c2ec487c2&quot;,&quot;isHook&quot;:false,&quot;skipped&quot;:false},{&quot;title&quot;:&quot;[007-0001-i] [Valid] Showing invoice details&quot;,&quot;fullTitle&quot;:&quot;Invoices TestSuite [007-0001-i] [Valid] Showing invoice details&quot;,&quot;duration&quot;:5860,&quot;state&quot;:&quot;failed&quot;,&quot;pass&quot;:false,&quot;fail&quot;:true,&quot;pending&quot;:false,&quot;code&quot;:&quot;cy.login(\&quot;customer@practicesoftwaretesting.com\&quot;, \&quot;welcome01\&quot;);\ncy.visit(&#x27;/account&#x27;);\ncy.get(&#x27;#menu&#x27;).should(&#x27;be.visible&#x27;).and(&#x27;not.be.disabled&#x27;).click();\ncy.url().should(&#x27;eq&#x27;, &#x27;https://practicesoftwaretesting.com/account&#x27;);\ncy.get(\&quot;.dropdown-item[data-test=&#x27;nav-my-invoices&#x27;]\&quot;).should(&#x27;be.visible&#x27;).and(&#x27;not.be.disabled&#x27;).click();\ncy.get(\&quot;tbody tr:nth-child(1) td:nth-child(5) a:nth-child(1)\&quot;).should(&#x27;be.visible&#x27;).and(&#x27;not.be.disabled&#x27;).click();\ncy.intercept({\n  method: \&quot;OPTIONS\&quot;,\n  url: \&quot;https://api.practicesoftwaretesting.com/users/refresh\&quot;\n}).as(\&quot;RefreshOptionsReq\&quot;);\ncy.intercept({\n  method: \&quot;GET\&quot;,\n  url: \&quot;https://api.practicesoftwaretesting.com/users/refresh\&quot;\n}).as(\&quot;RefreshReq\&quot;);\ncy.intercept({\n  method: \&quot;OPTIONS\&quot;,\n  url: \&quot;https://api.practicesoftwaretesting.com/users/me\&quot;\n}).as(\&quot;me\&quot;);\ncy.intercept({\n  method: \&quot;OPTIONS\&quot;,\n  url: \&quot;https://api.practicesoftwaretesting.com/invoices/01JK9K2GZBTXE6GXXX5854Z4W6\&quot;\n}).as(\&quot;InvoicesOptionsReq\&quot;);\ncy.intercept({\n  method: \&quot;GET\&quot;,\n  url: \&quot;https://api.practicesoftwaretesting.com/invoices/01JK9K2GZBTXE6GXXX5854Z4W6\&quot;\n}).as(\&quot;InvoicesReq\&quot;);\ncy.intercept({\n  method: \&quot;OPTIONS\&quot;,\n  url: \&quot;https://api.practicesoftwaretesting.com/invoices/INV-20240000038/download-pdf-status\&quot;\n}).as(\&quot;DownloadPdfstatusOptionsReq\&quot;);\ncy.intercept({\n  method: \&quot;GET\&quot;,\n  url: \&quot;https://api.practicesoftwaretesting.com/invoices/INV-20240000038/download-pdf-status\&quot;\n}).as(\&quot;DownloadPdfstatus\&quot;);&quot;,&quot;err&quot;:{&quot;message&quot;:&quot;AssertionError: Timed out retrying after 4000ms: expected &#x27;https://practicesoftwaretesting.com/auth/login&#x27; to equal &#x27;https://practicesoftwaretesting.com/account&#x27;\n\nThis error occurred while creating the session. Because the session setup failed, we failed the test.&quot;,&quot;estack&quot;:&quot;AssertionError: Timed out retrying after 4000ms: expected &#x27;https://practicesoftwaretesting.com/auth/login&#x27; to equal &#x27;https://practicesoftwaretesting.com/account&#x27;\n\nThis error occurred while creating the session. Because the session setup failed, we failed the test.\n    at Object.eval [as setup] (webpack:///./cypress/support/commands.js:18:13)\n    at Context.&lt;anonymous&gt; (https://practicesoftwaretesting.com/__cypress/runner/cypress_runner.js:132829:38)\n    at getRet (https://practicesoftwaretesting.com/__cypress/runner/cypress_runner.js:118278:20)\n    at tryCatcher (https://practicesoftwaretesting.com/__cypress/runner/cypress_runner.js:1777:23)\n    at Promise.attempt.Promise.try (https://practicesoftwaretesting.com/__cypress/runner/cypress_runner.js:4285:29)\n    at Context.thenFn (https://practicesoftwaretesting.com/__cypress/runner/cypress_runner.js:118289:66)\n    at Context.then (https://practicesoftwaretesting.com/__cypress/runner/cypress_runner.js:118540:21)\n    at wrapped (https://practicesoftwaretesting.com/__cypress/runner/cypress_runner.js:137823:19)&quot;,&quot;diff&quot;:&quot;- &#x27;https://practicesoftwaretesting.com/auth/login&#x27;\n+ &#x27;https://practicesoftwaretesting.com/account&#x27;\n&quot;},&quot;uuid&quot;:&quot;1d73088b-fef3-42bb-84f5-86a20fa973c8&quot;,&quot;parentUUID&quot;:&quot;0a810a2a-0c35-40f2-801b-155c2ec487c2&quot;,&quot;isHook&quot;:false,&quot;skipped&quot;:false},{&quot;title&quot;:&quot;[007-00010-ii] [Valid] Navigating through pages using pagination system&quot;,&quot;fullTitle&quot;:&quot;Invoices TestSuite [007-00010-ii] [Valid] Navigating through pages using pagination system&quot;,&quot;duration&quot;:6026,&quot;state&quot;:&quot;failed&quot;,&quot;pass&quot;:false,&quot;fail&quot;:true,&quot;pending&quot;:false,&quot;code&quot;:&quot;cy.login(\&quot;customer@practicesoftwaretesting.com\&quot;, \&quot;welcome01\&quot;);\ncy.visit(&#x27;/account&#x27;);\ncy.get(&#x27;#menu&#x27;).should(&#x27;be.visible&#x27;).and(&#x27;not.be.disabled&#x27;).click();\ncy.url().should(&#x27;eq&#x27;, &#x27;https://practicesoftwaretesting.com/account&#x27;);\ncy.get(\&quot;.dropdown-item[data-test=&#x27;nav-my-invoices&#x27;]\&quot;).should(&#x27;be.visible&#x27;).and(&#x27;not.be.disabled&#x27;).click();\ncy.get(&#x27;:nth-child(11) &gt; .page-link&#x27;).should(&#x27;not.be.disabled&#x27;).and(&#x27;be.visible&#x27;).click();\n// nav_Single_page()\ncy.intercept({\n  method: \&quot;GET\&quot;,\n  url: \&quot;https://api.practicesoftwaretesting.com/invoices?page=2\&quot;\n}).as(\&quot;PageTwo\&quot;);\ncy.intercept({\n  method: \&quot;GET\&quot;,\n  url: \&quot;https://api.practicesoftwaretesting.com/users/refresh\&quot;\n}).as(\&quot;RefreshReq\&quot;);&quot;,&quot;err&quot;:{&quot;message&quot;:&quot;AssertionError: Timed out retrying after 4000ms: expected &#x27;https://practicesoftwaretesting.com/auth/login&#x27; to equal &#x27;https://practicesoftwaretesting.com/account&#x27;\n\nThis error occurred while creating the session. Because the session setup failed, we failed the test.&quot;,&quot;estack&quot;:&quot;AssertionError: Timed out retrying after 4000ms: expected &#x27;https://practicesoftwaretesting.com/auth/login&#x27; to equal &#x27;https://practicesoftwaretesting.com/account&#x27;\n\nThis error occurred while creating the session. Because the session setup failed, we failed the test.\n    at Object.eval [as setup] (webpack:///./cypress/support/commands.js:18:13)\n    at Context.&lt;anonymous&gt; (https://practicesoftwaretesting.com/__cypress/runner/cypress_runner.js:132829:38)\n    at getRet (https://practicesoftwaretesting.com/__cypress/runner/cypress_runner.js:118278:20)\n    at tryCatcher (https://practicesoftwaretesting.com/__cypress/runner/cypress_runner.js:1777:23)\n    at Promise.attempt.Promise.try (https://practicesoftwaretesting.com/__cypress/runner/cypress_runner.js:4285:29)\n    at Context.thenFn (https://practicesoftwaretesting.com/__cypress/runner/cypress_runner.js:118289:66)\n    at Context.then (https://practicesoftwaretesting.com/__cypress/runner/cypress_runner.js:118540:21)\n    at wrapped (https://practicesoftwaretesting.com/__cypress/runner/cypress_runner.js:137823:19)&quot;,&quot;diff&quot;:&quot;- &#x27;https://practicesoftwaretesting.com/auth/login&#x27;\n+ &#x27;https://practicesoftwaretesting.com/account&#x27;\n&quot;},&quot;uuid&quot;:&quot;987a437c-5900-4101-82fb-aa77a3d02646&quot;,&quot;parentUUID&quot;:&quot;0a810a2a-0c35-40f2-801b-155c2ec487c2&quot;,&quot;isHook&quot;:false,&quot;skipped&quot;:false},{&quot;title&quot;:&quot;[007-0002] [Invalid] Visit invoices page without sign in&quot;,&quot;fullTitle&quot;:&quot;Invoices TestSuite [007-0002] [Invalid] Visit invoices page without sign in&quot;,&quot;duration&quot;:6470,&quot;state&quot;:&quot;failed&quot;,&quot;pass&quot;:false,&quot;fail&quot;:true,&quot;pending&quot;:false,&quot;code&quot;:&quot;cy.visit(\&quot;account/invoices/\&quot;);\n// cy.intercept({\n//     method:\&quot;OPTIONS\&quot;,\n//     url:\&quot;https://api.practicesoftwaretesting.com/users/refresh\&quot;\n// }).as(\&quot;RefreshOptionsReq\&quot;)\n// cy.wait(\&quot;@RefreshOptionsReq\&quot;).then(interception =&gt;{\n//     console.log(interception);\n//     cy.wrap(interception.response.statusCode).should(&#x27;eq&#x27;,204)\n// })\ncy.intercept({\n  method: \&quot;GET\&quot;,\n  url: \&quot;https://api.practicesoftwaretesting.com/users/refresh\&quot;\n}).as(\&quot;RefreshOptionsReq\&quot;);\ncy.wait(\&quot;@RefreshOptionsReq\&quot;).then(interception =&gt; {\n  console.log(interception);\n  cy.wrap(interception.response.statusCode).should(&#x27;eq&#x27;, 500);\n});\n// cy.intercept({\n//     method:\&quot;POST\&quot;,\n//     url:\&quot;https://api.practicesoftwaretesting.com/users/me\&quot;\n// }).as(\&quot;UnauthorizedAccess\&quot;)\n// cy.wait(\&quot;@UnauthorizedAccess\&quot;).then(interception =&gt;{\n//     console.log(interception);\n//     cy.wrap(interception.response.statusCode).should(&#x27;eq&#x27;,401)\n// })\ncy.intercept({\n  method: \&quot;GET\&quot;,\n  url: \&quot;https://practicesoftwaretesting.com/src_app_auth_auth_module_ts.63a6bb230c8cb86d.js\&quot;\n}).as(\&quot;Auth_ModuleGETReq\&quot;);\ncy.wait(\&quot;@RefreshOptionsReq\&quot;).then(interception =&gt; {\n  console.log(interception);\n  cy.wrap(interception.response.statusCode).should(&#x27;eq&#x27;, 200);\n});&quot;,&quot;err&quot;:{&quot;message&quot;:&quot;CypressError: Timed out retrying after 5000ms: `cy.wait()` timed out waiting `5000ms` for the 2nd request to the route: `RefreshOptionsReq`. No request ever occurred.\n\nhttps://on.cypress.io/wait&quot;,&quot;estack&quot;:&quot;CypressError: Timed out retrying after 5000ms: `cy.wait()` timed out waiting `5000ms` for the 2nd request to the route: `RefreshOptionsReq`. No request ever occurred.\n\nhttps://on.cypress.io/wait\n    at cypressErr (https://practicesoftwaretesting.com/__cypress/runner/cypress_runner.js:75129:18)\n    at Object.errByPath (https://practicesoftwaretesting.com/__cypress/runner/cypress_runner.js:75183:10)\n    at checkForXhr (https://practicesoftwaretesting.com/__cypress/runner/cypress_runner.js:135066:84)\n    at &lt;unknown&gt; (https://practicesoftwaretesting.com/__cypress/runner/cypress_runner.js:135092:28)\n    at tryCatcher (https://practicesoftwaretesting.com/__cypress/runner/cypress_runner.js:1777:23)\n    at Promise.attempt.Promise.try (https://practicesoftwaretesting.com/__cypress/runner/cypress_runner.js:4285:29)\n    at whenStable (https://practicesoftwaretesting.com/__cypress/runner/cypress_runner.js:143474:68)\n    at &lt;unknown&gt; (https://practicesoftwaretesting.com/__cypress/runner/cypress_runner.js:143415:14)\n    at tryCatcher (https://practicesoftwaretesting.com/__cypress/runner/cypress_runner.js:1777:23)\n    at Promise._settlePromiseFromHandler (https://practicesoftwaretesting.com/__cypress/runner/cypress_runner.js:1489:31)\n    at Promise._settlePromise (https://practicesoftwaretesting.com/__cypress/runner/cypress_runner.js:1546:18)\n    at Promise._settlePromise0 (https://practicesoftwaretesting.com/__cypress/runner/cypress_runner.js:1591:10)\n    at Promise._settlePromises (https://practicesoftwaretesting.com/__cypress/runner/cypress_runner.js:1671:18)\n    at Promise._fulfill (https://practicesoftwaretesting.com/__cypress/runner/cypress_runner.js:1615:18)\n    at &lt;unknown&gt; (https://practicesoftwaretesting.com/__cypress/runner/cypress_runner.js:5420:46)&quot;},&quot;uuid&quot;:&quot;322881b7-4c14-4e4d-b866-07972fd54a8a&quot;,&quot;parentUUID&quot;:&quot;0a810a2a-0c35-40f2-801b-155c2ec487c2&quot;,&quot;isHook&quot;:false,&quot;skipped&quot;:false}],&quot;suites&quot;:[],&quot;passes&quot;:[],&quot;failures&quot;:[&quot;efb7793e-4310-44f5-8852-ae16b07168c9&quot;,&quot;1d73088b-fef3-42bb-84f5-86a20fa973c8&quot;,&quot;987a437c-5900-4101-82fb-aa77a3d02646&quot;,&quot;322881b7-4c14-4e4d-b866-07972fd54a8a&quot;],&quot;pending&quot;:[],&quot;skipped&quot;:[],&quot;duration&quot;:24698,&quot;root&quot;:false,&quot;rootEmpty&quot;:false,&quot;_timeout&quot;:2000}],&quot;passes&quot;:[],&quot;failures&quot;:[],&quot;pending&quot;:[],&quot;skipped&quot;:[],&quot;duration&quot;:0,&quot;root&quot;:true,&quot;rootEmpty&quot;:true,&quot;_timeout&quot;:2000}],&quot;meta&quot;:{&quot;mocha&quot;:{&quot;version&quot;:&quot;7.0.1&quot;},&quot;mochawesome&quot;:{&quot;options&quot;:{&quot;quiet&quot;:false,&quot;reportFilename&quot;:&quot;[status]_[datetime]-[name]-report&quot;,&quot;saveHtml&quot;:true,&quot;saveJson&quot;:true,&quot;consoleReporter&quot;:&quot;spec&quot;,&quot;useInlineDiffs&quot;:false,&quot;code&quot;:true},&quot;version&quot;:&quot;7.1.3&quot;},&quot;marge&quot;:{&quot;options&quot;:{&quot;reportFilename&quot;:&quot;[status]_[datetime]-[name]-report&quot;,&quot;timestamp&quot;:&quot;longDate&quot;},&quot;version&quot;:&quot;6.2.0&quot;}}}" data-config="{&quot;reportFilename&quot;:&quot;[status]_[datetime]-[name]-report&quot;,&quot;reportDir&quot;:&quot;mochawesome-report&quot;,&quot;reportTitle&quot;:&quot;practice-software-testing&quot;,&quot;reportPageTitle&quot;:&quot;Mochawesome Report&quot;,&quot;inline&quot;:false,&quot;inlineAssets&quot;:false,&quot;cdn&quot;:false,&quot;charts&quot;:false,&quot;enableCharts&quot;:false,&quot;code&quot;:true,&quot;enableCode&quot;:true,&quot;autoOpen&quot;:false,&quot;overwrite&quot;:true,&quot;timestamp&quot;:&quot;longDate&quot;,&quot;ts&quot;:&quot;longDate&quot;,&quot;showPassed&quot;:true,&quot;showFailed&quot;:true,&quot;showPending&quot;:true,&quot;showSkipped&quot;:false,&quot;showHooks&quot;:&quot;failed&quot;,&quot;saveJson&quot;:true,&quot;saveHtml&quot;:true,&quot;dev&quot;:false,&quot;assetsDir&quot;:&quot;mochawesome-report\\assets&quot;,&quot;jsonFile&quot;:&quot;E:\\github\\cypress\\practice-software-testing\\mochawesome-report\\fail_February_10_2025-invoice-report.json&quot;,&quot;htmlFile&quot;:&quot;E:\\github\\cypress\\practice-software-testing\\mochawesome-report\\fail_February_10_2025-invoice-report.html&quot;}"><div id="report"></div><script src="assets\app.js"></script></body></html>